\BOOKMARK [0][-]{chapter.1}{\376\377\000G\000r\000u\000p\000p\000e\000t\000e\000o\000r\000i}{}% 1
\BOOKMARK [1][-]{section.1.1}{\376\377\000G\000r\000u\000p\000p\000e\000r}{chapter.1}% 2
\BOOKMARK [2][-]{subsection.1.1.1}{\376\377\000M\000u\000l\000t\000i\000p\000l\000i\000k\000a\000s\000j\000o\000n\000s\000t\000a\000b\000e\000l\000l}{section.1.1}% 3
\BOOKMARK [1][-]{section.1.2}{\376\377\000U\000n\000d\000e\000r\000g\000r\000u\000p\000p\000e\000r}{chapter.1}% 4
\BOOKMARK [1][-]{section.1.3}{\376\377\000S\000y\000k\000l\000i\000s\000k\000e\000\040\000G\000r\000u\000p\000p\000e\000r}{chapter.1}% 5
\BOOKMARK [1][-]{section.1.4}{\376\377\000P\000e\000r\000m\000u\000t\000a\000s\000j\000o\000n\000e\000r}{chapter.1}% 6
\BOOKMARK [2][-]{subsection.1.4.1}{\376\377\000G\000r\000u\000p\000p\000e\000n\000\040\000S\0003}{section.1.4}% 7
\BOOKMARK [1][-]{section.1.5}{\376\377\000B\000a\000n\000e\000r\000,\000\040\000S\000y\000k\000l\000e\000r\000\040\000o\000g\000\040\000A\000n}{chapter.1}% 8
\BOOKMARK [1][-]{section.1.6}{\376\377\000R\000e\000s\000t\000k\000l\000a\000s\000s\000e\000r\000\040\000o\000g\000\040\000L\000a\000g\000r\000a\000n\000g\000e\000s\000\040\000T\000e\000o\000r\000e\000m}{chapter.1}% 9
\BOOKMARK [1][-]{section.1.7}{\376\377\000P\000r\000o\000d\000u\000k\000t\000\040\000a\000v\000\040\000g\000r\000u\000p\000p\000e\000r}{chapter.1}% 10
\BOOKMARK [1][-]{section.1.8}{\376\377\000H\000o\000m\000o\000m\000o\000r\000f\000i\000e\000r}{chapter.1}% 11
\BOOKMARK [1][-]{section.1.9}{\376\377\000F\000a\000k\000t\000o\000r\000g\000r\000u\000p\000p\000e\000r}{chapter.1}% 12
\BOOKMARK [1][-]{section.1.10}{\376\377\000G\000r\000u\000p\000p\000e\000v\000i\000r\000k\000n\000i\000n\000g\000e\000r}{chapter.1}% 13
\BOOKMARK [2][-]{subsection.1.10.1}{\376\377\000B\000u\000r\000n\000s\000i\000d\000e\000s\000\040\000F\000o\000r\000m\000e\000l}{section.1.10}% 14
\BOOKMARK [1][-]{section.1.11}{\376\377\000S\000y\000l\000o\000w\000t\000e\000o\000r\000i}{chapter.1}% 15
\BOOKMARK [0][-]{chapter.2}{\376\377\000R\000i\000n\000g\000e\000r\000\040\000o\000g\000\040\000K\000r\000o\000p\000p\000e\000r}{}% 16
\BOOKMARK [1][-]{section.2.1}{\376\377\000R\000i\000n\000g\000e\000r\000\040\000o\000g\000\040\000K\000r\000o\000p\000p\000e\000r}{chapter.2}% 17
\BOOKMARK [1][-]{section.2.2}{\376\377\000I\000n\000t\000e\000g\000r\000i\000t\000e\000t\000s\000o\000m\000r\000\345\000d\000e\000r}{chapter.2}% 18
\BOOKMARK [1][-]{section.2.3}{\376\377\000F\000e\000r\000m\000a\000t\000s\000\040\000T\000e\000o\000r\000e\000m\000\040\000o\000g\000\040\000E\000u\000l\000e\000r\000s\000\040\000T\000e\000o\000r\000e\000m}{chapter.2}% 19
\BOOKMARK [1][-]{section.2.4}{\376\377\000P\000o\000l\000y\000n\000o\000m\000r\000i\000n\000g\000e\000r}{chapter.2}% 20
\BOOKMARK [1][-]{section.2.5}{\376\377\000P\000o\000l\000y\000n\000o\000m\000f\000a\000k\000t\000o\000r\000i\000s\000e\000r\000i\000n\000g}{chapter.2}% 21
\BOOKMARK [1][-]{section.2.6}{\376\377\000H\000o\000m\000o\000m\000o\000r\000f\000i\000e\000r\000\040\000o\000g\000\040\000F\000a\000k\000t\000o\000r\000g\000r\000u\000p\000p\000e\000r}{chapter.2}% 22
\BOOKMARK [1][-]{section.2.7}{\376\377\000M\000a\000k\000s\000i\000m\000a\000l\000e\000\040\000I\000d\000e\000a\000l\000e\000r\000\040\000o\000g\000\040\000E\000n\000d\000e\000l\000i\000g\000e\000\040\000K\000r\000o\000p\000p\000e\000r}{chapter.2}% 23
